Timestamp: 2025-08-08 07:18:38
User ID: 4
Submitted Code: 327810
User Secret: 
Verification: FAILED

Timestamp: 2025-08-08 07:18:45
User ID: 4
Submitted Code: 332942
User Secret: 
Verification: FAILED

Timestamp: 2025-08-08 07:19:42
User ID: 3
Submitted Code: 647876
User Secret: 
Verification: FAILED

Timestamp: 2025-08-08 07:42:58
User ID: 3
Submitted Code: 583118
User Secret: 
Verification: FAILED

Timestamp: 2025-08-08 08:08:52
User ID: 3
Submitted Code: 754099
User Secret: 
Verification: FAILED

